#
# An unexpected error has been detected by Java Runtime Environment:
#
#  EXCEPTION_ACCESS_VIOLATION (0xc0000005) at pc=0x0000000011bd5110, pid=14288, tid=2100
#
# Java VM: Java HotSpot(TM) 64-Bit Server VM (1.6.0-b105 mixed mode)
# Problematic frame:
# C  [awt.dll+0x185110]
#
# If you would like to submit a bug report, please visit:
#   http://java.sun.com/webapps/bugreport/crash.jsp
#

---------------  T H R E A D  ---------------

Current thread (0x00000000119fa400):  JavaThread "AWT-EventQueue-0" [_thread_in_native, id=2100]

siginfo: ExceptionCode=0xc0000005, reading address 0xffffffffffffffff

Registers:
EAX=0x80000f499e082cf1, EBX=0x0000000000000001, ECX=0x00000000115e4630, EDX=0x000000001166fee0
ESP=0x000000003677e630, EBP=0x0000000011545da0, ESI=0x00000000119fa590, EDI=0x0000000000000000
EIP=0x0000000011bd5110, EFLAGS=0x0000000000010202

Top of Stack: (sp=0x000000003677e630)
0x000000003677e630:   00000000119fa400 0000000000000000
0x000000003677e640:   000000003677e780 0000000016d424c8
0x000000003677e650:   0000000000000001 0000000011bd6dd3
0x000000003677e660:   0000000000000001 0000000011545da0
0x000000003677e670:   00000000119fa590 0000000000000000
0x000000003677e680:   000000001166fee0 000000001798f510
0x000000003677e690:   0000000000000004 00000000162ad810
0x000000003677e6a0:   0000000000000000 0000000000000000
0x000000003677e6b0:   0000000000000001 0000000000000102
0x000000003677e6c0:   000000001328308e 0000000000000001
0x000000003677e6d0:   000000003677e758 000000001328fc24
0x000000003677e6e0:   0000000000000000 0000000027b82d08
0x000000003677e6f0:   0000000000000000 0000000016d424c8
0x000000003677e700:   000000001e4f5558 0000000000000000
0x000000003677e710:   000000003677e700 000000003677e718
0x000000003677e720:   0000000000000000 000000003677e780 

Instructions: (pc=0x0000000011bd5110)
0x0000000011bd5100:   e8 5b 72 f9 ff 48 8b 0d 04 9a 08 00 48 8b 04 d8
0x0000000011bd5110:   48 8b 58 30 e8 67 72 f9 ff 48 8b c3 48 83 c4 20 


Stack: [0x0000000036700000,0x0000000036780000),  sp=0x000000003677e630,  free space=505k
Native frames: (J=compiled Java code, j=interpreted, Vv=VM code, C=native code)
C  [awt.dll+0x185110]

Java frames: (J=compiled Java code, j=interpreted, Vv=VM code)
j  sun.awt.Win32GraphicsConfig.getBounds(I)Ljava/awt/Rectangle;+0
j  sun.awt.Win32GraphicsConfig.getBounds()Ljava/awt/Rectangle;+8
j  com.mathworks.mwswing.MJUtilities.getVirtualScreenBounds()Ljava/awt/Rectangle;+72
j  com.mathworks.mwswing.desk.DTMultipleClientFrame.refineLocation(Lcom/mathworks/mwswing/desk/DTFloatingLocation;)Lcom/mathworks/mwswing/desk/DTFloatingLocation;+254
j  com.mathworks.mwswing.desk.DTMultipleClientFrame.<init>(Lcom/mathworks/mwswing/desk/Desktop;Ljava/lang/String;Ljavax/swing/Icon;Lcom/mathworks/mwswing/desk/DTGroup;Z)V+135
j  com.mathworks.mde.desk.MLMultipleClientFrame.<init>(Lcom/mathworks/mwswing/desk/Desktop;Ljava/lang/String;Ljavax/swing/Icon;Lcom/mathworks/mwswing/desk/DTGroup;Z)V+8
j  com.mathworks.mde.desk.MLDesktop.createUndockedFrame(Lcom/mathworks/mwswing/desk/DTGroup;)Lcom/mathworks/mwswing/desk/DTMultipleClientFrame;+15
j  com.mathworks.mwswing.desk.Desktop.setGroupShowing(Lcom/mathworks/mwswing/desk/DTGroup;ZZ)V+58
j  com.mathworks.mwswing.desk.DTGroup$GroupToggleAction.actionPerformed(Ljava/awt/event/ActionEvent;)V+42
j  javax.swing.AbstractButton.fireActionPerformed(Ljava/awt/event/ActionEvent;)V+84
j  javax.swing.AbstractButton$Handler.actionPerformed(Ljava/awt/event/ActionEvent;)V+5
j  javax.swing.DefaultButtonModel.fireActionPerformed(Ljava/awt/event/ActionEvent;)V+35
j  javax.swing.JToggleButton$ToggleButtonModel.setPressed(Z)V+148
j  javax.swing.AbstractButton.doClick(I)V+64
j  javax.swing.plaf.basic.BasicMenuItemUI.doClick(Ljavax/swing/MenuSelectionManager;)V+53
j  javax.swing.plaf.basic.BasicMenuItemUI$Handler.mouseReleased(Ljava/awt/event/MouseEvent;)V+62
j  java.awt.Component.processMouseEvent(Ljava/awt/event/MouseEvent;)V+64
j  javax.swing.JComponent.processMouseEvent(Ljava/awt/event/MouseEvent;)V+23
J  java.awt.Component.processEvent(Ljava/awt/AWTEvent;)V
j  java.awt.Container.processEvent(Ljava/awt/AWTEvent;)V+18
j  java.awt.Component.dispatchEventImpl(Ljava/awt/AWTEvent;)V+562
J  java.awt.Container.dispatchEventImpl(Ljava/awt/AWTEvent;)V
J  java.awt.LightweightDispatcher.retargetMouseEvent(Ljava/awt/Component;ILjava/awt/event/MouseEvent;)V
J  java.awt.LightweightDispatcher.processMouseEvent(Ljava/awt/event/MouseEvent;)Z
J  java.awt.Container.dispatchEventImpl(Ljava/awt/AWTEvent;)V
J  java.awt.EventDispatchThread.pumpOneEventForFilters(I)Z
J  java.awt.EventDispatchThread.pumpEventsForFilter(ILjava/awt/Conditional;Ljava/awt/EventFilter;)V
j  java.awt.EventDispatchThread.pumpEventsForHierarchy(ILjava/awt/Conditional;Ljava/awt/Component;)V+11
j  java.awt.EventDispatchThread.pumpEvents(ILjava/awt/Conditional;)V+4
j  java.awt.EventDispatchThread.pumpEvents(Ljava/awt/Conditional;)V+3
j  java.awt.EventDispatchThread.run()V+9
v  ~StubRoutines::call_stub

---------------  P R O C E S S  ---------------

Java Threads: ( => current thread )
  0x000000000fac1000 JavaThread "Timer-4" [_thread_blocked, id=4656]
  0x000000000fac2000 JavaThread "Timer-2" daemon [_thread_blocked, id=1376]
  0x000000001165f000 JavaThread "Timer-1" [_thread_blocked, id=11496]
  0x00000000118fa400 JavaThread "TimerQueue" daemon [_thread_blocked, id=16172]
=>0x00000000119fa400 JavaThread "AWT-EventQueue-0" [_thread_in_native, id=2100]
  0x00000000114cc800 JavaThread "AWT-Shutdown" [_thread_blocked, id=1780]
  0x0000000011526800 JavaThread "AWT-Windows" daemon [_thread_in_native, id=16224]
  0x000000000e67d400 JavaThread "Java2D Disposer" daemon [_thread_blocked, id=1308]
  0x000000000e6ee400 JavaThread "Timer-0" [_thread_blocked, id=4764]
  0x000000000e699800 JavaThread "Low Memory Detector" daemon [_thread_blocked, id=8128]
  0x000000000e692c00 JavaThread "CompilerThread1" daemon [_thread_blocked, id=3492]
  0x000000000e690000 JavaThread "CompilerThread0" daemon [_thread_blocked, id=17748]
  0x000000000e68d400 JavaThread "Attach Listener" daemon [_thread_blocked, id=11780]
  0x000000000e68cc00 JavaThread "Signal Dispatcher" daemon [_thread_blocked, id=14644]
  0x000000000e66d000 JavaThread "Finalizer" daemon [_thread_blocked, id=16648]
  0x000000000affe000 JavaThread "Reference Handler" daemon [_thread_blocked, id=17812]
  0x000000000af0c000 JavaThread "main" [_thread_in_native, id=14088]

Other Threads:
  0x000000000affc400 VMThread [id=16944]
  0x000000000e69b400 WatcherThread [id=2184]

VM state:not at safepoint (normal execution)

VM Mutex/Monitor currently owned by a thread: None

Heap
 PSYoungGen      total 18432K, used 6200K [0x0000000027580000, 0x00000000291b0000, 0x000000002a680000)
  eden space 8640K, 71% used [0x0000000027580000,0x0000000027b8e3a0,0x0000000027df0000)
  from space 9792K, 0% used [0x00000000287c0000,0x00000000287c0000,0x0000000029150000)
  to   space 10048K, 0% used [0x0000000027df0000,0x0000000027df0000,0x00000000287c0000)
 PSOldGen        total 68544K, used 64414K [0x000000001e280000, 0x0000000022570000, 0x0000000027580000)
  object space 68544K, 93% used [0x000000001e280000,0x0000000022167908,0x0000000022570000)
 PSPermGen       total 71360K, used 36549K [0x0000000016280000, 0x000000001a830000, 0x000000001e280000)
  object space 71360K, 51% used [0x0000000016280000,0x0000000018631798,0x000000001a830000)

Dynamic libraries:
0x0000000140000000 - 0x00000001400ed000 	D:\bin\win64\MATLAB.exe
0x00007ffc1d750000 - 0x00007ffc1d931000 	C:\WINDOWS\SYSTEM32\ntdll.dll
0x00007ffc1b6b0000 - 0x00007ffc1b761000 	C:\WINDOWS\System32\KERNEL32.DLL
0x00007ffc1a3a0000 - 0x00007ffc1a613000 	C:\WINDOWS\System32\KERNELBASE.dll
0x00007ffc17e00000 - 0x00007ffc17e8b000 	C:\WINDOWS\SYSTEM32\apphelp.dll
0x0000000057b70000 - 0x0000000057c39000 	C:\WINDOWS\WinSxS\amd64_microsoft.vc80.crt_1fc8b3b9a1e18e3b_8.0.50727.9445_none_88df21dd2faf7c49\MSVCR80.dll
0x00007ffc1bc30000 - 0x00007ffc1bcce000 	C:\WINDOWS\System32\msvcrt.dll
0x0000000180000000 - 0x000000018004f000 	D:\bin\win64\mcr.dll
0x00007ffc1bda0000 - 0x00007ffc1bf30000 	C:\WINDOWS\System32\USER32.dll
0x00007ffc1a380000 - 0x00007ffc1a3a0000 	C:\WINDOWS\System32\win32u.dll
0x00007ffc1b050000 - 0x00007ffc1b078000 	C:\WINDOWS\System32\GDI32.dll
0x00007ffc1a620000 - 0x00007ffc1a7b1000 	C:\WINDOWS\System32\gdi32full.dll
0x00007ffc1a230000 - 0x00007ffc1a2cf000 	C:\WINDOWS\System32\msvcp_win.dll
0x00007ffc1a7c0000 - 0x00007ffc1a8b8000 	C:\WINDOWS\System32\ucrtbase.dll
0x00007ffc1bf30000 - 0x00007ffc1d370000 	C:\WINDOWS\System32\SHELL32.dll
0x00007ffc1a330000 - 0x00007ffc1a379000 	C:\WINDOWS\System32\cfgmgr32.dll
0x00007ffc1d460000 - 0x00007ffc1d509000 	C:\WINDOWS\System32\shcore.dll
0x00007ffc1af20000 - 0x00007ffc1b044000 	C:\WINDOWS\System32\RPCRT4.dll
0x00007ffc1abe0000 - 0x00007ffc1af02000 	C:\WINDOWS\System32\combase.dll
0x00007ffc1a8c0000 - 0x00007ffc1a939000 	C:\WINDOWS\System32\bcryptPrimitives.dll
0x00007ffc19b20000 - 0x00007ffc1a22d000 	C:\WINDOWS\System32\windows.storage.dll
0x00007ffc1b9b0000 - 0x00007ffc1ba51000 	C:\WINDOWS\System32\advapi32.dll
0x00007ffc1bbd0000 - 0x00007ffc1bc2b000 	C:\WINDOWS\System32\sechost.dll
0x00007ffc1d520000 - 0x00007ffc1d571000 	C:\WINDOWS\System32\shlwapi.dll
0x00007ffc19b00000 - 0x00007ffc19b11000 	C:\WINDOWS\System32\kernel.appcore.dll
0x00007ffc19a60000 - 0x00007ffc19a7f000 	C:\WINDOWS\System32\profapi.dll
0x00007ffc19a90000 - 0x00007ffc19adc000 	C:\WINDOWS\System32\powrprof.dll
0x00007ffc19a80000 - 0x00007ffc19a8a000 	C:\WINDOWS\System32\FLTLIB.DLL
0x00007ffc1b100000 - 0x00007ffc1b251000 	C:\WINDOWS\System32\ole32.dll
0x0000000054ec0000 - 0x0000000054fc9000 	C:\WINDOWS\WinSxS\amd64_microsoft.vc80.crt_1fc8b3b9a1e18e3b_8.0.50727.9445_none_88df21dd2faf7c49\MSVCP80.dll
0x00000000045c0000 - 0x00000000049c5000 	D:\bin\win64\libut.dll
0x00007ffc1b770000 - 0x00007ffc1b78d000 	C:\WINDOWS\System32\imagehlp.dll
0x00007ffc1ba60000 - 0x00007ffc1ba68000 	C:\WINDOWS\System32\PSAPI.DLL
0x0000000001400000 - 0x000000000146b000 	D:\bin\win64\comcli.dll
0x00000000001a0000 - 0x00000000001b0000 	D:\bin\win64\iqm.dll
0x00000000049d0000 - 0x0000000004bcb000 	D:\bin\win64\libmwservices.dll
0x00000000001b0000 - 0x00000000001ce000 	D:\bin\win64\bridge.dll
0x0000000004bd0000 - 0x0000000004de0000 	D:\bin\win64\hg.dll
0x0000000004de0000 - 0x0000000004e32000 	D:\bin\win64\jmi.dll
0x00007ffc1d370000 - 0x00007ffc1d45d000 	C:\WINDOWS\System32\comdlg32.dll
0x00007ffc1bd30000 - 0x00007ffc1bd9c000 	C:\WINDOWS\System32\WS2_32.dll
0x00007ffc1ba70000 - 0x00007ffc1bb32000 	C:\WINDOWS\System32\OLEAUT32.dll
0x0000000004e40000 - 0x0000000004eab000 	D:\bin\win64\libmx.dll
0x0000000004eb0000 - 0x0000000004fc6000 	D:\bin\win64\libmwgui.dll
0x0000000001490000 - 0x00000000014a1000 	D:\bin\win64\libmex.dll
0x0000000004ff0000 - 0x000000000581e000 	D:\bin\win64\m_interpreter.dll
0x0000000005820000 - 0x00000000059d6000 	D:\bin\win64\mcos.dll
0x00000000059f0000 - 0x00000000059fe000 	D:\bin\win64\mlautoregister.dll
0x0000000005a00000 - 0x0000000005a17000 	D:\bin\win64\mwoles05.DLL
0x0000000005a40000 - 0x0000000005a94000 	D:\bin\win64\mpath.dll
0x0000000005ab0000 - 0x0000000005b3f000 	D:\bin\win64\udd_mi.dll
0x0000000005b50000 - 0x0000000005bff000 	D:\bin\win64\uiw.dll
0x0000000005c10000 - 0x0000000005c94000 	D:\bin\win64\m_dispatcher.dll
0x000000004ab00000 - 0x000000004ab11000 	D:\bin\win64\icuio36.dll
0x0000000012000000 - 0x0000000012292000 	D:\bin\win64\xerces-c_2_7.dll
0x000000004a800000 - 0x000000004a920000 	D:\bin\win64\icuuc36.dll
0x00007ffc11420000 - 0x00007ffc114c7000 	C:\WINDOWS\WinSxS\amd64_microsoft.windows.common-controls_6595b64144ccf1df_5.82.17134.885_none_f956463330922bba\COMCTL32.dll
0x00007ffc06980000 - 0x00007ffc06997000 	C:\WINDOWS\SYSTEM32\NETAPI32.dll
0x0000000055650000 - 0x0000000055670000 	C:\WINDOWS\WinSxS\amd64_microsoft.vc80.atl_1fc8b3b9a1e18e3b_8.0.50727.6195_none_8a1dd9552ed7f8d8\ATL80.DLL
0x0000000054d20000 - 0x0000000054ebc000 	C:\WINDOWS\WinSxS\amd64_microsoft.vc80.mfc_1fc8b3b9a1e18e3b_8.0.50727.6195_none_8448b2bd328df189\MFC80.DLL
0x00007ffc05dc0000 - 0x00007ffc05dc9000 	C:\WINDOWS\SYSTEM32\WSOCK32.dll
0x00007ffc11380000 - 0x00007ffc11405000 	C:\WINDOWS\SYSTEM32\WINSPOOL.DRV
0x00007ffc09030000 - 0x00007ffc091f9000 	C:\WINDOWS\SYSTEM32\dbghelp.dll
0x0000000010000000 - 0x0000000010017000 	D:\bin\win64\zlib1.dll
0x00007ffc16410000 - 0x00007ffc165c4000 	C:\WINDOWS\SYSTEM32\PROPSYS.dll
0x00007ffc19070000 - 0x00007ffc190a8000 	C:\WINDOWS\SYSTEM32\IPHLPAPI.DLL
0x00007ffc195c0000 - 0x00007ffc195e5000 	C:\WINDOWS\SYSTEM32\bcrypt.dll
0x0000000005d00000 - 0x0000000005d5f000 	D:\bin\win64\libmwmathutil.dll
0x0000000005d60000 - 0x0000000005d90000 	D:\bin\win64\libmat.dll
0x0000000005db0000 - 0x0000000005ec2000 	D:\bin\win64\icuin36.dll
0x0000000005ed0000 - 0x0000000005f90000 	D:\bin\win64\udd.dll
0x0000000006050000 - 0x000000000608e000 	D:\bin\win64\libmwhardcopy.dll
0x00000000060b0000 - 0x0000000006101000 	D:\bin\win64\libuij.dll
0x0000000006130000 - 0x000000000613b000 	D:\bin\win64\libmwmathrng.dll
0x0000000006140000 - 0x0000000006188000 	D:\bin\win64\m_ir.dll
0x0000000006190000 - 0x00000000061b0000 	D:\bin\win64\m_pcodegen.dll
0x00000000061e0000 - 0x0000000006459000 	D:\bin\win64\numerics.dll
0x0000000006460000 - 0x000000000647b000 	D:\bin\win64\m_pcodeio.dll
0x0000000006480000 - 0x0000000006492000 	D:\bin\win64\boost_thread-vc80-mt-1_33_1.dll
0x00000000064a0000 - 0x000000000650c000 	D:\bin\win64\profiler.dll
0x0000000006550000 - 0x0000000006553000 	D:\bin\win64\icudt36.dll
0x0000000006560000 - 0x0000000006b18000 	D:\bin\win64\m_parser.dll
0x0000000006b20000 - 0x0000000006b2a000 	D:\bin\win64\uinone.dll
0x0000000006b30000 - 0x0000000006b55000 	D:\bin\win64\datasvcs.dll
0x0000000005fa0000 - 0x0000000005fac000 	D:\bin\win64\libmwamd.dll
0x0000000005fb0000 - 0x0000000005fb8000 	D:\bin\win64\libmwcsparse.dll
0x0000000006b90000 - 0x0000000006ca2000 	D:\bin\win64\libhdf5.dll
0x0000000005fc0000 - 0x0000000005fed000 	D:\bin\win64\libmwma57.dll
0x0000000006cb0000 - 0x0000000006d79000 	D:\bin\win64\libmwumfpack.dll
0x0000000006d80000 - 0x0000000006e11000 	D:\bin\win64\libmwcholmod.dll
0x0000000005ff0000 - 0x000000000600e000 	D:\bin\win64\libmwlapack.dll
0x0000000006010000 - 0x000000000601c000 	D:\bin\win64\libmwblas.dll
0x0000000006e20000 - 0x0000000006ec1000 	D:\bin\win64\libfftw3f.dll
0x0000000006ed0000 - 0x0000000006f76000 	D:\bin\win64\libfftw3.dll
0x0000000006f80000 - 0x0000000006f90000 	D:\bin\win64\ir_xfmr.dll
0x0000000006fa0000 - 0x0000000006fac000 	D:\bin\win64\mtok.dll
0x0000000006fd0000 - 0x0000000006fe0000 	D:\bin\win64\libmwbinder.dll
0x0000000006fe0000 - 0x00000000070ac000 	D:\bin\win64\libifcoremd.dll
0x00000000070c0000 - 0x00000000070cb000 	D:\bin\win64\libmwcolamd.dll
0x00000000070d0000 - 0x00000000072ea000 	D:\bin\win64\libmmd.dll
0x00007ffc1bba0000 - 0x00007ffc1bbcd000 	C:\WINDOWS\System32\IMM32.DLL
0x000000000b490000 - 0x000000000ba37000 	D:\bin\win64\mllapack.dll
0x000000000ba40000 - 0x000000000c1c2000 	D:\bin\win64\mkl.dll
0x0000000007400000 - 0x0000000007445000 	D:\bin\win64\libguide40.dll
0x0000000007450000 - 0x0000000007456000 	D:\bin\win64\mklcompat.dll
0x00007ffc17f30000 - 0x00007ffc17fc8000 	C:\WINDOWS\system32\uxtheme.dll
0x00007ffc1b830000 - 0x00007ffc1b9a3000 	C:\WINDOWS\System32\MSCTF.dll
0x00007ffc1b790000 - 0x00007ffc1b830000 	C:\WINDOWS\System32\clbcatq.dll
0x0000000007470000 - 0x0000000007473000 	C:\WINDOWS\SYSTEM32\icmp.Dll
0x000000000d7d0000 - 0x000000000dd21000 	D:\sys\java\jre\win64\jre1.6.0\bin\server\jvm.dll
0x00007ffc11b70000 - 0x00007ffc11b93000 	C:\WINDOWS\SYSTEM32\WINMM.dll
0x00007ffc11b20000 - 0x00007ffc11b4a000 	C:\WINDOWS\SYSTEM32\winmmbase.dll
0x00007ffc00e30000 - 0x00007ffc00ec6000 	C:\WINDOWS\System32\TextInputFramework.dll
0x00007ffc10730000 - 0x00007ffc10a4e000 	C:\WINDOWS\System32\CoreUIComponents.dll
0x00007ffc17ac0000 - 0x00007ffc17b9a000 	C:\WINDOWS\System32\CoreMessaging.dll
0x00007ffc18c70000 - 0x00007ffc18ca1000 	C:\WINDOWS\SYSTEM32\ntmarta.dll
0x00007ffc15cb0000 - 0x00007ffc15dfd000 	C:\WINDOWS\SYSTEM32\wintypes.dll
0x00007ffc18210000 - 0x00007ffc18239000 	C:\WINDOWS\system32\dwmapi.dll
0x000000000ae30000 - 0x000000000ae3a000 	D:\sys\java\jre\win64\jre1.6.0\bin\hpi.dll
0x000000000ae50000 - 0x000000000ae5e000 	D:\sys\java\jre\win64\jre1.6.0\bin\verify.dll
0x000000000ae60000 - 0x000000000ae87000 	D:\sys\java\jre\win64\jre1.6.0\bin\java.dll
0x000000000aeb0000 - 0x000000000aec2000 	D:\sys\java\jre\win64\jre1.6.0\bin\zip.dll
0x000000000aed0000 - 0x000000000aee6000 	D:\bin\win64\nativejava.dll
0x000000000b160000 - 0x000000000b176000 	D:\bin\win64\nativejmi.dll
0x000000000c380000 - 0x000000000c387000 	D:\bin\win64\nativeservices.dll
0x0000000011a50000 - 0x0000000011ca0000 	D:\sys\java\jre\win64\jre1.6.0\bin\awt.dll
0x0000000011ef0000 - 0x0000000011f59000 	D:\sys\java\jre\win64\jre1.6.0\bin\fontmanager.dll
0x000000000e7b0000 - 0x000000000e7c7000 	D:\sys\java\jre\win64\jre1.6.0\bin\net.dll

VM Arguments:
jvm_args: -Xss512k -XX:PermSize=32M -Xms64m -XX:NewRatio=3 -XX:MaxPermSize=128M -Xmx196m -XX:MaxDirectMemorySize=2147400000 -Dsun.java2d.noddraw=true -Dsun.awt.nopixfmt=true -Xshare:off -Djava.library.path=D:\bin\win64 vfprintf abort
java_command: <unknown>
Launcher Type: generic

Environment Variables:
PATH=C:\Program Files (x86)\Intel\iCLS Client\;C:\Program Files\Intel\iCLS Client\;C:\Windows\system32;C:\Windows;C:\Windows\System32\Wbem;C:\Windows\System32\WindowsPowerShell\v1.0\;C:\Program Files (x86)\Intel\Intel(R) Management Engine Components\DAL;C:\Program Files\Intel\Intel(R) Management Engine Components\DAL;C:\Program Files (x86)\Intel\Intel(R) Management Engine Components\IPT;C:\Program Files\Intel\Intel(R) Management Engine Components\IPT;C:\Program Files (x86)\NVIDIA Corporation\PhysX\Common;C:\Program Files\Intel\WiFi\bin\;C:\Program Files\Common Files\Intel\WirelessCommon\;C:\WINDOWS\system32;C:\WINDOWS;C:\WINDOWS\System32\Wbem;C:\WINDOWS\System32\WindowsPowerShell\v1.0\;C:\Program Files (x86)\IVI Foundation\VISA\WinNT\Bin\;C:\Program Files\IVI Foundation\VISA\Win64\Bin\;C:\Program Files (x86)\IVI Foundation\VISA\WinNT\Bin;D:\bin;D:\bin\win64;C:\Program Files\Common Files\Autodesk Shared\;C:\Program Files (x86)\Autodesk\Backburner\;C:\WINDOWS\System32\OpenSSH\;C:\Users\dronk\AppData\Local\Programs\MiKTeX 2.9\miktex\bin\;C:\Users\dronk\AppData\Local\Microsoft\WindowsApps;C:\MinGW\bin;
USERNAME=Dr.Alex
OS=Windows_NT
PROCESSOR_IDENTIFIER=Intel64 Family 6 Model 70 Stepping 1, GenuineIntel



---------------  S Y S T E M  ---------------

OS: Windows NT 6.2 Build 9200 

CPU:total 8 em64t ht

Memory: 4k page, physical 12469148k(8426760k free), swap 14369692k(9970852k free)

vm_info: Java HotSpot(TM) 64-Bit Server VM (1.6.0-b105) for windows-amd64, built on Nov 29 2006 00:38:01 by "java_re" with unknown MS VC++:1400

